0 info it worked if it ends with ok
1 verbose cli [ '/usr/local/Cellar/node/7.0.0/bin/node',
1 verbose cli   '/usr/local/bin/npm',
1 verbose cli   'run',
1 verbose cli   'deploy' ]
2 info using npm@3.10.9
3 info using node@v7.0.0
4 verbose run-script [ 'predeploy', 'deploy', 'postdeploy' ]
5 info lifecycle template@0.1.0~predeploy: template@0.1.0
6 silly lifecycle template@0.1.0~predeploy: no script for predeploy, continuing
7 info lifecycle template@0.1.0~deploy: template@0.1.0
8 verbose lifecycle template@0.1.0~deploy: unsafe-perm in lifecycle true
9 verbose lifecycle template@0.1.0~deploy: PATH: /usr/local/lib/node_modules/npm/bin/node-gyp-bin:/Users/tysisnice/Documents/projects/react-apps/conway-life-real/node_modules/.bin:/usr/local/Cellar/node/7.0.0/bin:/usr/local/bin:/usr/bin:/bin:/usr/sbin:/sbin:/Users/tysisnice/bin
10 verbose lifecycle template@0.1.0~deploy: CWD: /Users/tysisnice/Documents/projects/react-apps/conway-life-real
11 silly lifecycle template@0.1.0~deploy: Args: [ '-c', 'npm run build && gh-pages -d build' ]
12 silly lifecycle template@0.1.0~deploy: Returned: code: 1  signal: null
13 info lifecycle template@0.1.0~deploy: Failed to exec deploy script
14 verbose stack Error: template@0.1.0 deploy: `npm run build && gh-pages -d build`
14 verbose stack Exit status 1
14 verbose stack     at EventEmitter.<anonymous> (/usr/local/lib/node_modules/npm/lib/utils/lifecycle.js:255:16)
14 verbose stack     at emitTwo (events.js:106:13)
14 verbose stack     at EventEmitter.emit (events.js:191:7)
14 verbose stack     at ChildProcess.<anonymous> (/usr/local/lib/node_modules/npm/lib/utils/spawn.js:40:14)
14 verbose stack     at emitTwo (events.js:106:13)
14 verbose stack     at ChildProcess.emit (events.js:191:7)
14 verbose stack     at maybeClose (internal/child_process.js:877:16)
14 verbose stack     at Process.ChildProcess._handle.onexit (internal/child_process.js:226:5)
15 verbose pkgid template@0.1.0
16 verbose cwd /Users/tysisnice/Documents/projects/react-apps/conway-life-real
17 error Darwin 15.6.0
18 error argv "/usr/local/Cellar/node/7.0.0/bin/node" "/usr/local/bin/npm" "run" "deploy"
19 error node v7.0.0
20 error npm  v3.10.9
21 error code ELIFECYCLE
22 error template@0.1.0 deploy: `npm run build && gh-pages -d build`
22 error Exit status 1
23 error Failed at the template@0.1.0 deploy script 'npm run build && gh-pages -d build'.
23 error Make sure you have the latest version of node.js and npm installed.
23 error If you do, this is most likely a problem with the template package,
23 error not with npm itself.
23 error Tell the author that this fails on your system:
23 error     npm run build && gh-pages -d build
23 error You can get information on how to open an issue for this project with:
23 error     npm bugs template
23 error Or if that isn't available, you can get their info via:
23 error     npm owner ls template
23 error There is likely additional logging output above.
24 verbose exit [ 1, true ]
